<?xml version="1.0" encoding="UTF-8"?>
<!-- Generated by org.testng.reporters.JUnitReportReporter -->
<testsuite hostname="LAPTOP-H7JSJR6U" failures="0" tests="3" name="Practice.DataProviderPracticeTest" time="0.046" errors="0" timestamp="2021-12-23T17:49:40 IST" skipped="0">
  <testcase classname="Practice.DataProviderPracticeTest" name="readDataFromDataProviderTest" time="0.008"/>
  <system-out/>
  <testcase classname="Practice.DataProviderPracticeTest" name="readDataFromDataProviderTest" time="0.031"/>
  <system-out/>
  <testcase classname="Practice.DataProviderPracticeTest" name="readDataFromDataProviderTest" time="0.007"/>
  <system-out/>
</testsuite> <!-- Practice.DataProviderPracticeTest -->
