<?xml version="1.0" encoding="UTF-8"?>
<!-- Generated by org.testng.reporters.JUnitReportReporter -->
<testsuite hostname="LAPTOP-H7JSJR6U" failures="0" tests="1" name="com.crm.OrgTest.CreateOrgWithIndustryandTypeTest" time="96.768" errors="0" timestamp="2021-12-27T14:43:37 IST" skipped="0">
  <testcase classname="com.crm.OrgTest.CreateOrgWithIndustryandTypeTest" name="CreateOrgWithIndustryandTypeTest" time="96.768"/>
  <system-out/>
</testsuite> <!-- com.crm.OrgTest.CreateOrgWithIndustryandTypeTest -->
