<?xml version="1.0" encoding="UTF-8"?>
<!-- Generated by org.testng.reporters.JUnitReportReporter -->
<testsuite hostname="LAPTOP-H7JSJR6U" failures="0" tests="1" name="com.crm.ContactTest.CreateContactWithOraganisationTest" time="156.954" errors="0" timestamp="2021-12-27T14:43:37 IST" skipped="0">
  <testcase classname="com.crm.ContactTest.CreateContactWithOraganisationTest" name="CreateContactWithOraganisationTest" time="156.954"/>
  <system-out/>
</testsuite> <!-- com.crm.ContactTest.CreateContactWithOraganisationTest -->
